<?xml version="1.0" encoding="UTF-8"?>
<testsuites name="Mocha Tests" time="0.0000" tests="3" failures="3">
  <testsuite name="Root Suite" timestamp="2022-02-19T23:04:20" tests="0" file="cypress/integration/dashboard.feature" time="0.0000" failures="0">
  </testsuite>
  <testsuite name="Dashboard" timestamp="2022-02-19T23:04:20" tests="3" time="0.0000" failures="3">
    <testcase name="Dashboard I can see the recipe dashboard" time="0.0000" classname="I can see the recipe dashboard">
      <failure message="Timed out retrying after 4000ms: Expected to find content: &apos;Favorites&apos; within the element: &lt;body&gt; but never did." type="AssertionError"><![CDATA[AssertionError: Timed out retrying after 4000ms: Expected to find content: 'Favorites' within the element: <body> but never did.
    at Context.eval (http://localhost:3000/__cypress/tests?p=cypress/integration/dashboard.feature:13:34)
    at Context.resolveAndRunStepDefinition (http://localhost:3000/__cypress/tests?p=cypress/integration/dashboard.feature:12314:29)
    at Context.eval (http://localhost:3000/__cypress/tests?p=cypress/integration/dashboard.feature:11635:35)]]></failure>
    </testcase>
    <testcase name="Dashboard I can see the recipe card" time="0.0000" classname="I can see the recipe card">
      <failure message="Timed out retrying after 4000ms: Expected to find content: &apos;Strawberry Cheesecake&apos; within the element: &lt;body&gt; but never did." type="AssertionError"><![CDATA[AssertionError: Timed out retrying after 4000ms: Expected to find content: 'Strawberry Cheesecake' within the element: <body> but never did.
    at Context.eval (http://localhost:3000/__cypress/tests?p=cypress/integration/dashboard.feature:13:34)
    at Context.resolveAndRunStepDefinition (http://localhost:3000/__cypress/tests?p=cypress/integration/dashboard.feature:12314:29)
    at Context.eval (http://localhost:3000/__cypress/tests?p=cypress/integration/dashboard.feature:11635:35)]]></failure>
    </testcase>
    <testcase name="Dashboard I can add a recipe" time="0.0000" classname="I can add a recipe">
      <failure message="Step implementation missing for: I see my current recipes" type="Error"><![CDATA[Error: Step implementation missing for: I see my current recipes
    at Context.resolveAndRunStepDefinition (http://localhost:3000/__cypress/tests?p=cypress/integration/dashboard.feature:12320:11)
    at Context.eval (http://localhost:3000/__cypress/tests?p=cypress/integration/dashboard.feature:11635:35)]]></failure>
    </testcase>
  </testsuite>
</testsuites>